<?xml version="1.0" encoding="UTF-8"?>
<testsuite name="Test Guru Bank login Functionality" tests="3" skipped="1" failures="0" errors="0" timestamp="2021-09-06T15:43:00" hostname="DESKTOP-2UOT798" time="7.348">
  <properties/>
  <testcase name="Login on Guru Bank" classname="Test Guru Bank login Functionality" time="4.173"/>
  <testcase name="Create New Customer" classname="Test Guru Bank login Functionality" time="2.706"/>
  <testcase name="Edit Customer" classname="Test Guru Bank login Functionality" time="0.457">
    <skipped/>
  </testcase>
  <system-out><![CDATA[..........U-]]></system-out>
  <system-err><![CDATA[Starting ChromeDriver 92.0.4515.43 (8c61b7e2989f2990d42f859cac71319137787cce-refs/branch-heads/4515@{#306}) on port 30261
Only local connections are allowed.
Please see https://chromedriver.chromium.org/security-considerations for suggestions on keeping ChromeDriver safe.
ChromeDriver was started successfully.
[1630942981.611][WARNING]: This version of ChromeDriver has not been tested with Chrome version 93.
sep. 06, 2021 12:43:01 P. M. org.openqa.selenium.remote.ProtocolHandshake createSession
INFO: Detected dialect: W3C
]]></system-err>
</testsuite>
