<?xml version="1.0" encoding="UTF-8"?>
<testsuite name="runner.Runner" tests="0" skipped="0" failures="0" errors="0" timestamp="1970-01-01T00:00:00" hostname="DESKTOP-2UOT798" time="0.0">
  <properties/>
  <system-out><![CDATA[
Undefined scenarios:
src/test/resources/features/GuruBank.feature:17 # Edit Customer

3 Scenarios (1 undefined, 2 passed)
12 Steps (1 skipped, 1 undefined, 10 passed)
0m7,418s


You can implement missing steps with the snippets below:

@When("I enter a customer ID that I not create it")
public void i_enter_a_customer_ID_that_I_not_create_it() {
    // Write code here that turns the phrase above into concrete actions
    throw new cucumber.api.PendingException();
}


]]></system-out>
  <system-err><![CDATA[]]></system-err>
</testsuite>
